0:100  0:100  MemLog inited, TSC freq: 1800298670
0:100  0:000  CPU was calibrated with RTC
0:100  0:000  CloverX64 : Image base = 0x831B9000
0:100  0:000  Clover ImageHandle = 87d30f98
0:105  0:005  === [ Starting Clover ] =========================
0:105  0:000  Now is 25.06.2022,  14:07:32 (GMT)
0:105  0:000  Starting Clover revision: 5146 (master, commit 31187f6e1) on American Megatrends EFI
0:105  0:000  Build id: 20220324214945-31187f6-5146-dirty
0:105  0:000  Build with: [Args: -D NO_GRUB_DRIVERS_EMBEDDED -D LESS_DEBUG -t GCC53 | --cmd-len=50000 -D NO_GRUB_DRIVERS_EMBEDDED -D LESS_DEBUG --conf=/Users/sergey/src/CloverBootloader/Conf -D USE_LOW_EBDA -a X64 -b RELEASE -t GCC53 -n 5 | OS: 12.3]
0:105  0:000  === [ Get Smbios ] ==============================
0:110  0:004  Type 16 Index = 0
0:110  0:000  Total Memory Slots Count = 4
0:110  0:000  Type 17 Index = 0
0:110  0:000  SmbiosTable.Type17->SlotIndex = 0
0:110  0:000  SmbiosTable.Type17->ModuleSize = 4096MB
0:110  0:000  SmbiosTable.Type17->Type = 0
0:110  0:000  SmbiosTable.Type17->Frequency = 2400MHz
0:110  0:000  SmbiosTable.Type17->Bank/Device = BANK 0 ChannelA-DIMM0
0:110  0:000  SmbiosTable.Type17->Vendor = Micron
0:110  0:000  SmbiosTable.Type17->SerialNo = 00000000
0:110  0:000  SmbiosTable.Type17->PartNo = 8ATF51264HZ-2G3A2
0:110  0:000  Type 17 Index = 1
0:110  0:000  Ignoring insane frequency value 0MHz
0:110  0:000  Type 17 Index = 2
0:110  0:000  SmbiosTable.Type17->SlotIndex = 2
0:110  0:000  SmbiosTable.Type17->ModuleSize = 8192MB
0:110  0:000  SmbiosTable.Type17->Type = 0
0:110  0:000  SmbiosTable.Type17->Frequency = 2400MHz
0:110  0:000  SmbiosTable.Type17->Bank/Device = BANK 2 ChannelB-DIMM0
0:110  0:000  SmbiosTable.Type17->Vendor = 04EF
0:110  0:000  SmbiosTable.Type17->SerialNo = 010495B6
0:110  0:000  SmbiosTable.Type17->PartNo = TEAMGROUP-SD4-2400
0:110  0:000  Type 17 Index = 3
0:110  0:000  Ignoring insane frequency value 0MHz
0:110  0:000  Boot status=0
0:110  0:000  Running on: 'X442URR' with board 'X442URR'
0:110  0:000  === [ GetCPUProperties ] ========================
0:110  0:000  CPU Vendor = 756E6547 Model=806EA
0:110  0:000   The CPU supported SSE4.1
0:110  0:000   The CPU supported RDRAND
0:110  0:000  BrandString = Intel(R) Core(TM) i5-8250U CPU @ 1.60GHz
0:110  0:000   The CPU supported turbo
0:110  0:000   Energy PerfBias is  visible:
0:110  0:000  MSR 0x35               40008
0:110  0:000   TSC/CCC Information Leaf:
0:110  0:000    numerator     : 150
0:110  0:000    denominator   : 2
0:110  0:000   Calibrated ARTFrequency: 24003982
0:110  0:000   Rounded ARTFrequency: 24000000
0:110  0:000  MSR 0xE2 before patch 1E008006
0:110  0:000  MSR 0xE2 is locked, PM patches will be turned on
0:110  0:000  MSR 0xCE              0004043D_F1011200
0:110  0:000  corrected FLEX_RATIO = 0
0:110  0:000  MSR 0x1B0             00000000
0:110  0:000  FSBFrequency = 84 MHz, DMI FSBFrequency = 100 MHz, Corrected FSBFrequency = 100 MHz
0:110  0:000  MaxDiv/MinDiv: 18.0/4
0:110  0:000  Turbo: 34/34/34/34
0:110  0:000  Features: 0x77FAFBBFBFEBFBFF
0:110  0:000  Threads: 8
0:110  0:000  Cores: 4
0:110  0:000  FSB: 100 MHz
0:110  0:000  CPU: 1500 MHz
0:110  0:000  TSC: 1500 MHz
0:110  0:000  PIS: 100 MHz
0:110  0:000  ExternalClock: 25 MHz
0:110  0:000  === [ GetDevices ] ==============================
0:110  0:000  GOP found at: PciRoot(0x0)/Pci(0x2,0x0)/AcpiAdr(0x80011400)
0:110  0:000  PCI (00|00:00.00) : 8086 5914 class=060000
0:110  0:000  PCI (00|00:02.00) : 8086 5917 class=030000
0:110  0:000   - GFX: Model=Intel UHD Graphics 620 (Intel)
0:110  0:000   - GOP: Provided by device
0:110  0:000  PCI (00|00:04.00) : 8086 1903 class=118000
0:110  0:000  PCI (00|00:14.00) : 8086 9D2F class=0C0330
0:110  0:000  PCI (00|00:14.02) : 8086 9D31 class=118000
0:110  0:000  PCI (00|00:15.00) : 8086 9D60 class=118000
0:110  0:000  PCI (00|00:15.01) : 8086 9D61 class=118000
0:110  0:000  PCI (00|00:16.00) : 8086 9D3A class=078000
0:110  0:000  PCI (00|00:17.00) : 8086 9D03 class=010601
0:110  0:000  PCI (00|00:1C.00) : 8086 9D10 class=060400
0:111  0:000  PCI (00|01:00.00) : 10DE 134E class=030200
0:111  0:000  PCI (00|00:1C.04) : 8086 9D14 class=060400
0:111  0:000  PCI (00|02:00.00) : 10EC 8168 class=020000
0:111  0:000   - LAN: 1 Vendor=Realtek
0:111  0:000  Legacy MAC address of LAN #0= 18:31:BF:72:2B:0B:
0:111  0:000  PCI (00|00:1C.05) : 8086 9D15 class=060400
0:111  0:000  PCI (00|03:00.00) : 168C 0036 class=028000
0:111  0:000   - WIFI: Vendor= Atheros
0:111  0:000  PCI (00|00:1E.00) : 8086 9D27 class=118000
0:111  0:000  PCI (00|00:1E.02) : 8086 9D29 class=118000
0:111  0:000  PCI (00|00:1F.00) : 8086 9D4E class=060100
0:111  0:000  PCI (00|00:1F.02) : 8086 9D21 class=058000
0:111  0:000  PCI (00|00:1F.03) : 8086 9D71 class=040300
0:111  0:000  PCI (00|00:1F.04) : 8086 9D23 class=0C0500
0:112  0:001  _checkOEMPath Look for oem dir at path '\EFI\CLOVER\OEM\X442URR--18-31-BF-72-2B-0B'. Dir doesn't exist.
0:112  0:000  _checkOEMPath Look for oem dir at path '\EFI\CLOVER\OEM\X442URR\UEFI'. Dir doesn't exist.
0:113  0:000  _checkOEMPath Look for oem dir at path '\EFI\CLOVER\OEM\X442URR'. Dir doesn't exist.
0:113  0:000  _checkOEMPath Look for oem dir at path '\EFI\CLOVER\OEM\X442URR-1500'. Dir doesn't exist.
0:114  0:000  _checkOEMPath Look for oem dir at path '\EFI\CLOVER\OEM\X442URR'. Dir doesn't exist.
0:114  0:000  _checkOEMPath Look for oem dir at path '\EFI\CLOVER\OEM\X442URR-1500'. Dir doesn't exist.
0:115  0:000  === [ GetUserSettings ] =========================
0:115  0:000  GetDefaultModel()=MacBookPro14,1
0:120  0:004  Using config.plist at path: \EFI\CLOVER
0:122  0:001  Cannot find smbios.plist at path '\EFI\CLOVER' : Not Found
0:122  0:000  '\EFI\CLOVER\smbios.plist' not loaded. Efi error Not Found
0:122  0:000  BiosVersion: MBP141.88Z.F000.B00.2106131822
0:122  0:000  BiosReleaseDate: 06/13/2021
0:122  0:000  EfiVersion: 429.140.8.0.0
0:122  0:000  Calibrated TSC Frequency = 1800298670 = 1800MHz
0:127  0:004  === [ GetListOfThemes ] =========================
0:127  0:000  - [00]: embedded
0:131  0:004  - [00]: random
0:134  0:002  === [ Found config plists ] =====================
0:134  0:000  - config.plist
0:134  0:000  === [ LoadDrivers ] =============================
0:138  0:004  Loading ApfsDriverLoader.efi status=Success
0:147  0:008   - driver needs connecting
0:147  0:000  Loading Fat.efi status=Success
0:157  0:009   - driver needs connecting
0:157  0:000  Loading FSInject.efi status=Success
0:165  0:008  Loading HFSPlus.efi status=Success
0:175  0:009   - driver needs connecting
0:175  0:000  Loading OsxAptioFix3Drv.efi status=Success
0:184  0:009  Loading NTFS.efi status=Success
0:195  0:011   - driver needs connecting
0:197  0:002  4 drivers needs connecting ...
0:197  0:000  PlatformDriverOverrideProtocol not found. Installing ... Success
0:197  0:000  HFS+ driver loaded
0:197  0:000  APFS driver loaded
0:197  0:000  Searching for invalid DiskIo BY_DRIVER connects: not found, all ok
2:106  1:908  === [ InitScreen ] ==============================
2:106  0:000  Console modes reported: 4, available modes:
2:106  0:000   - [01]: 80x25 (current mode)
2:106  0:000   - [03]: 100x31
2:106  0:000   - [04]: 170x40
2:106  0:000  SetScreenResolution: 1360x768 - not found!
2:106  0:000  SetMaxResolution: found best mode 0: 1366x768
2:106  0:000   - already set
2:111  0:005  Using embedded font
2:114  0:002  === [ ScanSPD ] =================================
2:114  0:000  Scanning SMBus [8086:9D23], mmio: 0xEF332004, ioport: 0xF040, hostc: 0x11
2:133  0:019  XMP is not present, XMPDetection deactivated in config.plist
2:133  0:000  Slot: 2 Type 26 8192MB 2400MHz Vendor=Team Group PartNo=TEAMGROUP-SD4-2400 SerialNo=010495B6
2:134  0:000  === [ GetAcpiTablesList ] =======================
2:139  0:004  Get Acpi Tables List from RSDT:
2:139  0:000   - [00]: FACP  Notebook len=132
2:139  0:000   - [01]: APIC  Notebook len=188
2:139  0:000   - [02]: FPDT  Notebook len=68
2:139  0:000   - [03]: FIDT  Notebook len=156
2:139  0:000   - [04]: ECDT  Notebook len=193
2:139  0:000   - [05]: MCFG  Notebook len=60
2:139  0:000   - [06]: SSDT  SataTabl len=857
2:139  0:000   - [07]: SSDT  DptfTabl len=29312
2:139  0:000   - [08]: MSDM  Notebook len=85
2:139  0:000   - [09]: SSDT  SaSsdt  len=12615
2:139  0:000   - [10]: HPET  KBL-ULT len=56
2:139  0:000   - [11]: UEFI  Notebook len=66
2:139  0:000   - [12]: SSDT  CpuSsdt len=6062
2:139  0:000   - [13]: LPIT  KBL-ULT len=148
2:139  0:000   - [14]: SSDT  HdaDsp len=321
2:139  0:000   - [15]: SSDT  sensrhub len=671
2:139  0:000   - [16]: SSDT  TbtTypeC len=1303
2:139  0:000   - [17]: DBGP   len=52
2:139  0:000   - [18]: DBG2   len=84
2:139  0:000   - [19]: SSDT  SgPch len=2143
2:139  0:000   - [20]: SSDT  SgUlx len=923
2:139  0:000   - [21]: DMAR  KBL  len=312
2:139  0:000   - [22]: BGRT  Notebook len=56
2:139  0:000   - [23]: SSDT  OptTabl len=7998
2:139  0:000   - [24]: WSMT  Notebook len=40
2:141  0:001   - [00]: Drop table : DMAR,                0 :  yes
2:141  0:000   - [01]: Drop table : SSDT,       6d50757043 :  no
2:141  0:000   - [02]: Drop table : SSDT,   74734930757043 :  no
2:141  0:000   - [03]: Drop table : BGRT,                0 :  yes
2:141  0:000  Custom boot CUSTOM_BOOT_USER_DISABLED (0x0)
2:141  0:000  Default theme: embedded
2:143  0:002  === [ Found DSDT tables ] =======================
2:145  0:001  === [ InitKextList ] ============================
2:679  0:534  === [ ScanVolumes ] =============================
2:679  0:000  Found 14 volumes with blockIO
2:679  0:000  - [00]: Volume: PciRoot(0x0)\Pci(0x17,0x0)\Sata(0x0,0xFFFF,0x0)
2:680  0:001          Result of bootcode detection: bootable unknown (legacy)
2:680  0:000  - [01]: Volume: PciRoot(0x0)\Pci(0x17,0x0)\Sata(0x1,0xFFFF,0x0)
2:681  0:000          Result of bootcode detection: bootable unknown (legacy)
2:681  0:000  - [02]: Volume: PciRoot(0x0)\Pci(0x17,0x0)\Sata(0x0,0xFFFF,0x0)\HD(1,MBR,0xCAC43990,0x800,0x74705800)
2:707  0:025          Result of bootcode detection: bootable Windows (vista,win)
2:708  0:001            label : HDD
2:708  0:000  - [03]: Volume: PciRoot(0x0)\Pci(0x17,0x0)\Sata(0x1,0xFFFF,0x0)\HD(1,GPT,9FD994B8-88E1-45CB-B7DE-6956FC89F450,0x800,0x80000)
2:708  0:000          Result of bootcode detection: bootable Windows (vista,win)
2:713  0:004            label : EFI
2:713  0:000          This is SelfVolume !!
2:713  0:000  - [04]: Volume: PciRoot(0x0)\Pci(0x17,0x0)\Sata(0x1,0xFFFF,0x0)\HD(2,GPT,D3D52382-17A2-4B8E-9CBD-C2F5922986E8,0x80800,0x8000)
2:714  0:000  - [05]: Volume: PciRoot(0x0)\Pci(0x17,0x0)\Sata(0x1,0xFFFF,0x0)\HD(3,GPT,B25D17C8-2710-0000-7338-806E6F6E6963,0x11B800,0x18470293)
2:714  0:000          Result of bootcode detection: bootable Windows (vista,win)
2:715  0:001            label : WIN10SSD
2:715  0:000  - [06]: Volume: PciRoot(0x0)\Pci(0x17,0x0)\Sata(0x1,0xFFFF,0x0)\HD(4,GPT,80842E6B-1187-420E-9A74-07436937C719,0x1858C000,0x113800)
2:716  0:000          Result of bootcode detection: bootable Windows (vista,win)
2:717  0:000            label : .
2:717  0:000  - [07]: Volume: PciRoot(0x0)\Pci(0x17,0x0)\Sata(0x1,0xFFFF,0x0)\HD(5,GPT,B3A1D165-2710-0000-7338-806E6F6E6963,0x186A0800,0x158AD000)
2:717  0:000          Result of bootcode detection: bootable Windows (vista,win)
2:718  0:000            label : SSD
2:718  0:000  - [08]: Volume: PciRoot(0x0)\Pci(0x17,0x0)\Sata(0x1,0xFFFF,0x0)\HD(6,GPT,E043B905-7CCA-CD03-C0A2-B67B9C9C63EB,0x2DF4D800,0x9EF5E88)
2:718  0:000          Result of bootcode detection: bootable unknown (legacy)
2:718  0:000  - [09]: Volume: PciRoot(0x0)\Pci(0x17,0x0)\Sata(0x1,0xFFFF,0x0)\HD(6,GPT,E043B905-7CCA-CD03-C0A2-B67B9C9C63EB,0x2DF4D800,0x9EF5E88)\VenMedia(BE74FCF7-0B7C-49F3-9147-01F4042E6842,36907695C632514691A4083629F0F3A9)
2:719  0:000            apfsFileSystemUUID=95769036-32C6-4651-91A4-083629F0F3A9, ApfsContainerUUID=8D427D1D-2D11-4ACF-B2E5-FD469BEC1F74, ApfsRole=0x10
2:720  0:001            label : Preboot
2:720  0:000  - [10]: Volume: PciRoot(0x0)\Pci(0x17,0x0)\Sata(0x1,0xFFFF,0x0)\HD(6,GPT,E043B905-7CCA-CD03-C0A2-B67B9C9C63EB,0x2DF4D800,0x9EF5E88)\VenMedia(BE74FCF7-0B7C-49F3-9147-01F4042E6842,E497570BBDC8C5398F939D1BCD738FA2)
2:720  0:000            apfsFileSystemUUID=0B5797E4-C8BD-39C5-8F93-9D1BCD738FA2, ApfsContainerUUID=8D427D1D-2D11-4ACF-B2E5-FD469BEC1F74, ApfsRole=0x40
2:761  0:040            label : macOS - Data
2:761  0:000  - [11]: Volume: PciRoot(0x0)\Pci(0x17,0x0)\Sata(0x1,0xFFFF,0x0)\HD(6,GPT,E043B905-7CCA-CD03-C0A2-B67B9C9C63EB,0x2DF4D800,0x9EF5E88)\VenMedia(BE74FCF7-0B7C-49F3-9147-01F4042E6842,F46BFF2118EBA84D9123B217DD76413C)
2:761  0:000            apfsFileSystemUUID=21FF6BF4-EB18-4DA8-9123-B217DD76413C, ApfsContainerUUID=8D427D1D-2D11-4ACF-B2E5-FD469BEC1F74, ApfsRole=0x4
2:761  0:000            label : Recovery
2:761  0:000  - [12]: Volume: PciRoot(0x0)\Pci(0x17,0x0)\Sata(0x1,0xFFFF,0x0)\HD(6,GPT,E043B905-7CCA-CD03-C0A2-B67B9C9C63EB,0x2DF4D800,0x9EF5E88)\VenMedia(BE74FCF7-0B7C-49F3-9147-01F4042E6842,1F237CB3A514D741B05ED4F3DF002035)
2:762  0:000            apfsFileSystemUUID=B37C231F-14A5-41D7-B05E-D4F3DF002035, ApfsContainerUUID=8D427D1D-2D11-4ACF-B2E5-FD469BEC1F74, ApfsRole=0x8
2:762  0:000            label : VM
2:762  0:000  - [13]: Volume: PciRoot(0x0)\Pci(0x17,0x0)\Sata(0x1,0xFFFF,0x0)\HD(6,GPT,E043B905-7CCA-CD03-C0A2-B67B9C9C63EB,0x2DF4D800,0x9EF5E88)\VenMedia(BE74FCF7-0B7C-49F3-9147-01F4042E6842,61281D42A5FB3D45BEE76F9EB83AC724)
2:762  0:000            apfsFileSystemUUID=421D2861-FBA5-453D-BEE7-6F9EB83AC724, ApfsContainerUUID=8D427D1D-2D11-4ACF-B2E5-FD469BEC1F74, ApfsRole=0x1
2:774  0:012            label : macOS
2:774  0:000  No AudioIoProtocols, status=Not Found
2:775  0:000  === [ InitXTheme ] ==============================
2:775  0:000  use Daylight theme
2:775  0:000   using embedded theme
2:795  0:020  sound play end with status=Device Error
2:796  0:001  Using embedded font
2:797  0:000  theme inited
2:797  0:000  Chosen embedded theme
2:798  0:000  found boot-args in NVRAM:-v debug=0x100 keepsyms=1 -wegnoegpu, size=37
2:798  0:000  ...found arg:-v
2:798  0:000  ...found arg:debug=0x100
2:798  0:000  ...found arg:keepsyms=1
2:798  0:000  ...found arg:-wegnoegpu
2:798  0:000  after NVRAM boot-args=-v debug=0x100 -wegnoegpu keepsyms=1 kext-dev-mode=1 nv_disable=1 -ath9565
2:798  0:000  === [ Dump SMC keys from NVRAM ] ================
2:798  0:000  no AppleSMC protocol
2:826  0:028     fakesmc-key-#KEY-ui32:00 00 00 11 
2:827  0:000     fakesmc-key-$Adr-ui32:00 00 03 00 
2:828  0:000     fakesmc-key-$Num-ui8:01 
2:829  0:000     fakesmc-key-RMde-char:41 
2:831  0:001     fakesmc-key-RBr -ch8*:32 30 31 37 6D 62 70 00 
2:831  0:000     fakesmc-key-EPCI-ui32:09 B0 F0 00 
2:832  0:000     fakesmc-key-REV -ch8*:02 43 0F 00 00 07 
2:833  0:000     fakesmc-key-RPlt-ch8*:6A 31 33 30 61 00 00 00 
2:834  0:000     fakesmc-key-BEMB-flag:01 
2:835  0:000     fakesmc-key-BATP-flag:00 
2:836  0:000     fakesmc-key-BNum-ui8:01 
2:837  0:000     fakesmc-key-BBIN-ui8:01 
2:838  0:000     fakesmc-key-MSTc-ui8:00 
2:839  0:000     fakesmc-key-MSAc-ui16:00 00 
2:840  0:000     fakesmc-key-MSWr-ui8:00 
2:841  0:000     fakesmc-key-MSFW-ui8:01 00 
2:842  0:000     fakesmc-key-MSPS-ui16:00 03 
2:860  0:018  === [ ScanLoader ] ==============================
2:860  0:000  - [02]: 'HDD'
2:888  0:027  - [03]: 'EFI'
2:896  0:008        AddLoaderEntry for Volume Name=EFI, idx=0
2:897  0:000        OSVersion= 
2:897  0:000        IconName=vista,win comma=5 size=9
2:897  0:000        first=os_vista
2:897  0:000        Second=os_win
2:897  0:000        IconName=unknown comma=-1 size=7
2:897  0:000        Full=unknown
2:897  0:000        Loader entry created for 'PciRoot(0x0)\Pci(0x17,0x0)\Sata(0x1,0xFFFF,0x0)\HD(1,GPT,9FD994B8-88E1-45CB-B7DE-6956FC89F450,0x800,0x80000)\EFI\microsoft\Boot\bootmgfw.efi'
2:897  0:000        Menu entry added at index 0
2:909  0:012        AddLoaderEntry for Volume Name=EFI, idx=1
2:909  0:000        OSVersion= 
2:909  0:000        IconName=unknown comma=-1 size=7
2:909  0:000        Full=unknown
2:909  0:000        Loader entry created for 'PciRoot(0x0)\Pci(0x17,0x0)\Sata(0x1,0xFFFF,0x0)\HD(1,GPT,9FD994B8-88E1-45CB-B7DE-6956FC89F450,0x800,0x80000)\EFI\BOOT\BOOTX64.efi'
2:910  0:000        Menu entry added at index 1
2:910  0:000       hiding entry because DiskKind is DISK_KIND_INTERNAL: \EFI\BOOT\BOOTX64.efi
2:910  0:000  - [05]: 'WIN10SSD'
2:938  0:028  Reallocating buffer from 256 to 258
2:941  0:002  - [06]: '.'
2:955  0:014  - [07]: 'SSD'
2:969  0:014  - [09]: 'Preboot'
2:969  0:000      ApfsContainerUUID=8D427D1D-2D11-4ACF-B2E5-FD469BEC1F74
2:969  0:000      ApfsFileSystemUUID=95769036-32C6-4651-91A4-083629F0F3A9
2:969  0:000      APFSTargetUUID=421D2861-FBA5-453D-BEE7-6F9EB83AC724
2:970  0:000        AddLoaderEntry for Volume Name=Preboot, idx=2
2:972  0:001        OSVersion=10.15 
2:972  0:000        Check if volume Is Hibernated:
2:972  0:000        Check sleep image 'by signature':
2:972  0:000        using default sleep image name = \private\var\vm\sleepimage
2:972  0:000        cannot open sleepimage -> Not Found
2:972  0:000        hibernated: no - sign
2:972  0:000        IconName=cata,mac comma=4 size=8
2:972  0:000        first=os_cata
2:972  0:000        Second=os_mac
2:972  0:000        IconName=unknown comma=-1 size=7
2:972  0:000        Full=unknown
2:972  0:000        Loader entry created for 'PciRoot(0x0)\Pci(0x17,0x0)\Sata(0x1,0xFFFF,0x0)\HD(6,GPT,E043B905-7CCA-CD03-C0A2-B67B9C9C63EB,0x2DF4D800,0x9EF5E88)\VenMedia(BE74FCF7-0B7C-49F3-9147-01F4042E6842,36907695C632514691A4083629F0F3A9)\421D2861-FBA5-453D-BEE7-6F9EB83AC724\System\Library\CoreServices\boot.efi'
2:976  0:004        Menu entry added at index 2
2:976  0:000  - [10]: 'macOS - Data'
2:976  0:000      ApfsContainerUUID=8D427D1D-2D11-4ACF-B2E5-FD469BEC1F74
2:976  0:000      ApfsFileSystemUUID=0B5797E4-C8BD-39C5-8F93-9D1BCD738FA2
2:977  0:000  - [11]: 'Recovery'
2:977  0:000      ApfsContainerUUID=8D427D1D-2D11-4ACF-B2E5-FD469BEC1F74
2:977  0:000      ApfsFileSystemUUID=21FF6BF4-EB18-4DA8-9123-B217DD76413C
2:977  0:000      APFSTargetUUID=421D2861-FBA5-453D-BEE7-6F9EB83AC724
2:978  0:000        AddLoaderEntry for Volume Name=Recovery, idx=3
2:979  0:000        OSVersion=10.15 
2:979  0:000        IconName=cata,mac comma=4 size=8
2:979  0:000        first=os_cata
2:979  0:000        Second=os_mac
2:979  0:000        IconName=unknown comma=-1 size=7
2:979  0:000        Full=unknown
2:979  0:000        Loader entry created for 'PciRoot(0x0)\Pci(0x17,0x0)\Sata(0x1,0xFFFF,0x0)\HD(6,GPT,E043B905-7CCA-CD03-C0A2-B67B9C9C63EB,0x2DF4D800,0x9EF5E88)\VenMedia(BE74FCF7-0B7C-49F3-9147-01F4042E6842,F46BFF2118EBA84D9123B217DD76413C)\421D2861-FBA5-453D-BEE7-6F9EB83AC724\boot.efi'
2:983  0:004        Menu entry added at index 3
2:983  0:000  - [12]: 'VM'
2:983  0:000      ApfsContainerUUID=8D427D1D-2D11-4ACF-B2E5-FD469BEC1F74
2:983  0:000      ApfsFileSystemUUID=B37C231F-14A5-41D7-B05E-D4F3DF002035
2:983  0:000  - [13]: 'macOS'
2:983  0:000      ApfsContainerUUID=8D427D1D-2D11-4ACF-B2E5-FD469BEC1F74
2:983  0:000      ApfsFileSystemUUID=421D2861-FBA5-453D-BEE7-6F9EB83AC724
3:005  0:021        AddLoaderEntry for Volume Name=macOS, idx=4
3:005  0:000        OSVersion=10.15 
3:005  0:000        Check if volume Is Hibernated:
3:005  0:000        Check sleep image 'by signature':
3:006  0:000        using default sleep image name = \private\var\vm\sleepimage
3:006  0:000        cannot open sleepimage -> Not Found
3:006  0:000        hibernated: no - sign
3:006  0:000        IconName=cata,mac comma=4 size=8
3:006  0:000        first=os_cata
3:006  0:000        Second=os_mac
3:006  0:000        IconName=unknown comma=-1 size=7
3:006  0:000        Full=unknown
3:006  0:000        Loader entry created for 'PciRoot(0x0)\Pci(0x17,0x0)\Sata(0x1,0xFFFF,0x0)\HD(6,GPT,E043B905-7CCA-CD03-C0A2-B67B9C9C63EB,0x2DF4D800,0x9EF5E88)\VenMedia(BE74FCF7-0B7C-49F3-9147-01F4042E6842,61281D42A5FB3D45BEE76F9EB83AC724)\System\Library\CoreServices\boot.efi'
3:010  0:004        Menu entry added at index 4
3:010  0:000  Entries list before ordering
3:010  0:000      Entry 0 : Boot Microsoft EFI Boot from EFI
3:010  0:000      Entry 1 : Boot UEFI internal from EFI (hidden)
3:010  0:000      Entry 2 : Boot Mac OS from macOS via Preboot
3:010  0:000      Entry 3 : Boot Mac OS Recovery for macOS via Recovery
3:010  0:000      Entry 4 : Boot macOS from macOS
3:010  0:000  Hiding entry 2 because of entry 4
3:010  0:000  Move preboot entry 2 before system 4
3:010  0:000  Move recovery entry 3 after system 4
3:010  0:000  Entries after before ordering
3:010  0:000    Entry 0 : Boot Microsoft EFI Boot from EFI
3:010  0:000    Entry 1 : Boot UEFI internal from EFI (hidden)
3:010  0:000    Entry 2 : Boot Mac OS from macOS via Preboot (hidden)
3:010  0:000    Entry 3 : Boot macOS from macOS
3:010  0:000    Entry 4 : Boot Mac OS Recovery for macOS via Recovery
3:010  0:000  Scanning legacy ...
3:010  0:000      AddLegacyEntry:
3:010  0:000        FullTitle=
3:010  0:000        LoaderTitle=
3:010  0:000        Volume->LegacyOS->Name=Windows
3:010  0:000        Entry->Title=Boot Windows from HDD
3:010  0:000        IconName=vista,win comma=5 size=9
3:010  0:000        first=os_vista
3:010  0:000        Second=os_win
3:010  0:000        IconName=unknown comma=-1 size=7
3:010  0:000        Full=unknown
3:010  0:000      AddLegacyEntry:
3:010  0:000        FullTitle=
3:010  0:000        LoaderTitle=
3:010  0:000        Volume->LegacyOS->Name=Windows
3:010  0:000        Entry->Title=Boot Windows from EFI
3:010  0:000        IconName=vista,win comma=5 size=9
3:010  0:000        first=os_vista
3:010  0:000        Second=os_win
3:010  0:000        IconName=unknown comma=-1 size=7
3:010  0:000        Full=unknown
3:011  0:000      AddLegacyEntry:
3:011  0:000        FullTitle=
3:011  0:000        LoaderTitle=
3:011  0:000        Volume->LegacyOS->Name=Windows
3:011  0:000        Entry->Title=Boot Windows from WIN10SSD
3:011  0:000        IconName=vista,win comma=5 size=9
3:011  0:000        first=os_vista
3:011  0:000        Second=os_win
3:011  0:000        IconName=unknown comma=-1 size=7
3:011  0:000        Full=unknown
3:011  0:000      AddLegacyEntry:
3:011  0:000        FullTitle=
3:011  0:000        LoaderTitle=
3:011  0:000        Volume->LegacyOS->Name=Windows
3:011  0:000        Entry->Title=Boot Windows from .
3:011  0:000        IconName=vista,win comma=5 size=9
3:011  0:000        first=os_vista
3:011  0:000        Second=os_win
3:011  0:000        IconName=unknown comma=-1 size=7
3:011  0:000        Full=unknown
3:012  0:000      AddLegacyEntry:
3:012  0:000        FullTitle=
3:012  0:000        LoaderTitle=
3:012  0:000        Volume->LegacyOS->Name=Windows
3:012  0:000        Entry->Title=Boot Windows from SSD
3:012  0:000        IconName=vista,win comma=5 size=9
3:012  0:000        first=os_vista
3:012  0:000        Second=os_win
3:012  0:000        IconName=unknown comma=-1 size=7
3:012  0:000        Full=unknown
3:013  0:000  === [ AddCustomTool ] ===========================
3:017  0:004  === [ GetEfiBootDeviceFromNvram ] ===============
3:019  0:001  Got efi-boot-device-data size=110
3:019  0:000   - efi-boot-device-data: PciRoot(0x0)\Pci(0x17,0x0)\Sata(0x1,0xFFFF,0x0)\HD(6,GPT,E043B905-7CCA-CD03-C0A2-B67B9C9C63EB,0x2DF4D800,0x9EF5E88)\VenMedia(BE74FCF7-0B7C-49F3-9147-01F4042E6842,61281D42A5FB3D45BEE76F9EB83AC724)
3:019  0:000    - Volume: 'PciRoot(0x0)\Pci(0x17,0x0)\Sata(0x1,0xFFFF,0x0)\HD(6,GPT,E043B905-7CCA-CD03-C0A2-B67B9C9C63EB,0x2DF4D800,0x9EF5E88)\VenMedia(BE74FCF7-0B7C-49F3-9147-01F4042E6842,61281D42A5FB3D45BEE76F9EB83AC724)'
3:019  0:000    - LoaderPath: ''
3:019  0:000    - Guid = E043B905-7CCA-CD03-C0A2-B67B9C9C63EB
3:019  0:000  === [ FindStartupDiskVolume ] ===================
3:019  0:000    - Volume: partition = PciRoot(0x0)\Pci(0x17,0x0)\Sata(0x1,0xFFFF,0x0)\HD(6,GPT,E043B905-7CCA-CD03-C0A2-B67B9C9C63EB,0x2DF4D800,0x9EF5E88)\VenMedia(BE74FCF7-0B7C-49F3-9147-01F4042E6842,61281D42A5FB3D45BEE76F9EB83AC724)
3:019  0:000     - searching for that partition
3:019  0:000      - found entry 1. 'Boot macOS from macOS', Volume 'macOS'
3:019  0:000  Boot redirected to Entry 1. 'Boot macOS from macOS'
3:019  0:000  BannerPlace at Clear Screen [619,68]
3:068  0:048  AnimeRun=0
3:141  0:073  GUI ready
4:942  1:800  BootVariable of the entry is empty
4:942  0:000  === [ StartLoader ] =============================
4:942  0:000  Starting PciRoot(0x0)\Pci(0x17,0x0)\Sata(0x1,0xFFFF,0x0)\HD(6,GPT,E043B905-7CCA-CD03-C0A2-B67B9C9C63EB,0x2DF4D800,0x9EF5E88)\VenMedia(BE74FCF7-0B7C-49F3-9147-01F4042E6842,61281D42A5FB3D45BEE76F9EB83AC724)\System\Library\CoreServices\boot.efi
4:942  0:000  Finally: ExternalClock=26MHz BusSpeed=100017kHz CPUFreq=1800MHz PIS: hw.busfrequency=104000000Hz
4:942  0:000  Beginning OC
4:944  0:002  OCST: Missing vault data, ignoring...
4:944  0:000  config-oc.plist isn't used at all
4:944  0:000  Bridge mmioWhiteList[0] to OC : comment=Haswell: SB_RCBA is a 0x4 page memory region, containing SPI_BASE at 0x3800 (SPI_BASE_ADDRESS)
4:944  0:000  Bridge mmioWhiteList[1] to OC : comment=Generic: PCI root is a 0x1000 page memory region used by some firmwares
4:945  0:001  AddKextsInArray from Other
4:945  0:000  ->Extra kext: Other\AirPortAtheros40.kext (v.700.74.5)
4:945  0:000  ->Extra kext: Other\AirportBrcmFixup.kext (v.2.1.5)
4:945  0:000      |-- PlugIn kext: Other\AirportBrcmFixup.kext\Contents\PlugIns\AirPortBrcm4360_Injector.kext (v.1.0)
4:945  0:000      |-- PlugIn kext: Other\AirportBrcmFixup.kext\Contents\PlugIns\AirPortBrcmNIC_Injector.kext (v.1.0)
4:945  0:000  ->Extra kext: Other\AppleALC.kext (v.1.7.2)
4:945  0:000  ->Extra kext: Other\AsusSMC.kext (v.1.4.1)
4:945  0:000  ->Extra kext: Other\BrcmBluetoothInjector.kext (v.2.5.5)
4:945  0:000  ->Extra kext: Other\BrcmFirmwareData.kext (v.2.5.5)
4:945  0:000  ->Extra kext: Other\BrcmPatchRAM3.kext (v.2.5.5)
4:945  0:000  ->Extra kext: Other\CPUFriend.kext (v.1.2.5)
4:945  0:000  ->Extra kext: Other\CPUFriendDataProvider.kext (v.1.0.0)
4:945  0:000  ->Extra kext: Other\CpuTscSync.kext (v.1.0.3)
4:945  0:000  ->Extra kext: Other\HoRNDIS.kext (v.9.2)
4:945  0:000  ->Extra kext: Other\Lilu.kext (v.1.6.0)
4:945  0:000  ->Extra kext: Other\SMCBatteryManager.kext (v.1.2.9)
4:945  0:000  ->Extra kext: Other\SMCProcessor.kext (v.1.2.9)
4:945  0:000  ->Extra kext: Other\SMCSuperIO.kext (v.1.2.9)
4:945  0:000  ->Extra kext: Other\VirtualSMC.kext (v.1.2.9)
4:945  0:000  ->Extra kext: Other\VoodooI2C.kext (v.2.5.2)
4:945  0:000      |-- PlugIn kext: Other\VoodooI2C.kext\Contents\PlugIns\VoodooGPIO.kext (v.1.1)
4:945  0:000      |-- PlugIn kext: Other\VoodooI2C.kext\Contents\PlugIns\VoodooI2CServices.kext (v.1)
4:945  0:000      |-- PlugIn kext: Other\VoodooI2C.kext\Contents\PlugIns\VoodooInput.kext (v.1.0.9)
4:945  0:000      |-- PlugIn kext: Other\VoodooI2C.kext\Contents\PlugIns\VoodooInput.kext.dSYM (v.1.0.9)
4:945  0:000  ->Extra kext: Other\VoodooI2CHID.kext (v.1)
4:945  0:000  ->Extra kext: Other\VoodooPS2Controller.kext (v.2.1.8)
4:945  0:000      |-- PlugIn kext: Other\VoodooPS2Controller.kext\Contents\PlugIns\VoodooInput.kext (v.1.0.8)
4:945  0:000      |-- PlugIn kext: Other\VoodooPS2Controller.kext\Contents\PlugIns\VoodooPS2Keyboard.kext (v.2.1.8)
4:945  0:000      |-- PlugIn kext: Other\VoodooPS2Controller.kext\Contents\PlugIns\VoodooPS2Mouse.kext (v.2.1.8)
4:945  0:000      |-- PlugIn kext: Other\VoodooPS2Controller.kext\Contents\PlugIns\VoodooPS2Trackpad.kext (v.2.1.8)
4:945  0:000  ->Extra kext: Other\WhateverGreen.kext (v.1.5.9)
4:945  0:000  ->Extra kext: Other\HS80211Family.kext (v.1200.12.2)
4:946  0:001  AddKextsInArray from Off
4:946  0:000  AddKextsInArray from 10
4:946  0:000  AddKextsInArray from 10_normal
4:946  0:000  AddKextsInArray from 10.15
4:946  0:000  ->Extra kext: 10.15\AirPortAtheros40.kext (v.700.74.5)
4:946  0:000  ->Extra kext: 10.15\AirportBrcmFixup.kext (v.2.1.5)
4:946  0:000      |-- PlugIn kext: 10.15\AirportBrcmFixup.kext\Contents\PlugIns\AirPortBrcm4360_Injector.kext (v.1.0)
4:946  0:000      |-- PlugIn kext: 10.15\AirportBrcmFixup.kext\Contents\PlugIns\AirPortBrcmNIC_Injector.kext (v.1.0)
4:946  0:000  ->Extra kext: 10.15\AppleALC.kext (v.1.7.2)
4:946  0:000  ->Extra kext: 10.15\AsusSMC.kext (v.1.4.1)
4:946  0:000  ->Extra kext: 10.15\BrcmBluetoothInjector.kext (v.2.5.5)
4:946  0:000  ->Extra kext: 10.15\BrcmFirmwareData.kext (v.2.5.5)
4:946  0:000  ->Extra kext: 10.15\BrcmPatchRAM3.kext (v.2.5.5)
4:946  0:000  ->Extra kext: 10.15\CPUFriend.kext (v.1.2.5)
4:946  0:000  ->Extra kext: 10.15\CPUFriendDataProvider.kext (v.1.0.0)
4:946  0:000  ->Extra kext: 10.15\CpuTscSync.kext (v.1.0.3)
4:946  0:000  ->Extra kext: 10.15\HoRNDIS.kext (v.9.2)
4:946  0:000  ->Extra kext: 10.15\Lilu.kext (v.1.6.0)
4:946  0:000  ->Extra kext: 10.15\SMCBatteryManager.kext (v.1.2.9)
4:946  0:000  ->Extra kext: 10.15\SMCProcessor.kext (v.1.2.9)
4:946  0:000  ->Extra kext: 10.15\SMCSuperIO.kext (v.1.2.9)
4:946  0:000  ->Extra kext: 10.15\VirtualSMC.kext (v.1.2.9)
4:946  0:000  ->Extra kext: 10.15\VoodooI2C.kext (v.2.5.2)
4:946  0:000      |-- PlugIn kext: 10.15\VoodooI2C.kext\Contents\PlugIns\VoodooGPIO.kext (v.1.1)
4:946  0:000      |-- PlugIn kext: 10.15\VoodooI2C.kext\Contents\PlugIns\VoodooI2CServices.kext (v.1)
4:946  0:000      |-- PlugIn kext: 10.15\VoodooI2C.kext\Contents\PlugIns\VoodooInput.kext (v.1.0.9)
4:946  0:000      |-- PlugIn kext: 10.15\VoodooI2C.kext\Contents\PlugIns\VoodooInput.kext.dSYM (v.1.0.9)
4:946  0:000  ->Extra kext: 10.15\VoodooI2CHID.kext (v.1)
4:946  0:000  ->Extra kext: 10.15\VoodooPS2Controller.kext (v.2.1.8)
4:946  0:000      |-- PlugIn kext: 10.15\VoodooPS2Controller.kext\Contents\PlugIns\VoodooInput.kext (v.1.0.8)
4:946  0:000      |-- PlugIn kext: 10.15\VoodooPS2Controller.kext\Contents\PlugIns\VoodooPS2Keyboard.kext (v.2.1.8)
4:946  0:000      |-- PlugIn kext: 10.15\VoodooPS2Controller.kext\Contents\PlugIns\VoodooPS2Mouse.kext (v.2.1.8)
4:946  0:000      |-- PlugIn kext: 10.15\VoodooPS2Controller.kext\Contents\PlugIns\VoodooPS2Trackpad.kext (v.2.1.8)
4:946  0:000  ->Extra kext: 10.15\WhateverGreen.kext (v.1.5.9)
4:946  0:000  ->Extra kext: 10.15\HS80211Family.kext (v.1200.12.2)
4:946  0:000  AddKextsInArray from 10.15_normal
4:946  0:000  AddKextsInArray from 10.15.0
4:946  0:000  AddKextsInArray from 10.15.0_normal
4:947  0:000  Bridge kext to OC : Path=Lilu.kext
4:948  0:001  info plist path: Kexts\Other\Lilu.kext\Contents\Info.plist
4:949  0:001  InfoPlistPath=Kexts\Other\Lilu.kext\Contents\Info.plist
4:953  0:003  assign executable as 'Contents\MacOS\Lilu'
4:953  0:000  Bridge kext to OC : Path=VirtualSMC.kext
4:954  0:001  info plist path: Kexts\Other\VirtualSMC.kext\Contents\Info.plist
4:955  0:001  InfoPlistPath=Kexts\Other\VirtualSMC.kext\Contents\Info.plist
4:960  0:005  assign executable as 'Contents\MacOS\VirtualSMC'
4:960  0:000  Bridge kext to OC : Path=WhateverGreen.kext
4:961  0:001  info plist path: Kexts\Other\WhateverGreen.kext\Contents\Info.plist
4:962  0:001  InfoPlistPath=Kexts\Other\WhateverGreen.kext\Contents\Info.plist
4:966  0:003  assign executable as 'Contents\MacOS\WhateverGreen'
4:966  0:000  Bridge kext to OC : Path=AppleALC.kext
4:967  0:001  info plist path: Kexts\Other\AppleALC.kext\Contents\Info.plist
4:969  0:002  InfoPlistPath=Kexts\Other\AppleALC.kext\Contents\Info.plist
5:007  0:037  assign executable as 'Contents\MacOS\AppleALC'
5:007  0:000  Bridge kext to OC : Path=SMCProcessor.kext
5:008  0:001  info plist path: Kexts\Other\SMCProcessor.kext\Contents\Info.plist
5:009  0:001  InfoPlistPath=Kexts\Other\SMCProcessor.kext\Contents\Info.plist
5:012  0:003  assign executable as 'Contents\MacOS\SMCProcessor'
5:012  0:000  Bridge kext to OC : Path=SMCSuperIO.kext
5:013  0:001  info plist path: Kexts\Other\SMCSuperIO.kext\Contents\Info.plist
5:016  0:002  InfoPlistPath=Kexts\Other\SMCSuperIO.kext\Contents\Info.plist
5:019  0:003  assign executable as 'Contents\MacOS\SMCSuperIO'
5:019  0:000  Bridge kext to OC : Path=VoodooGPIO.kext
5:030  0:011  info plist path: Kexts\Other\VoodooI2C.kext\Contents\PlugIns\VoodooGPIO.kext\Contents\Info.plist
5:031  0:001  InfoPlistPath=Kexts\Other\VoodooI2C.kext\Contents\PlugIns\VoodooGPIO.kext\Contents\Info.plist
5:034  0:003  assign executable as 'Contents\MacOS\VoodooGPIO'
5:034  0:000  Bridge kext to OC : Path=VoodooI2CServices.kext
5:035  0:001  info plist path: Kexts\Other\VoodooI2C.kext\Contents\PlugIns\VoodooI2CServices.kext\Contents\Info.plist
5:036  0:001  InfoPlistPath=Kexts\Other\VoodooI2C.kext\Contents\PlugIns\VoodooI2CServices.kext\Contents\Info.plist
5:040  0:003  assign executable as 'Contents\MacOS\VoodooI2CServices'
5:040  0:000  Bridge kext to OC : Path=VoodooI2C.kext
5:041  0:001  info plist path: Kexts\Other\VoodooI2C.kext\Contents\Info.plist
5:042  0:001  InfoPlistPath=Kexts\Other\VoodooI2C.kext\Contents\Info.plist
5:045  0:003  assign executable as 'Contents\MacOS\VoodooI2C'
5:045  0:000  Bridge kext to OC : Path=VoodooI2CHID.kext
5:046  0:001  info plist path: Kexts\Other\VoodooI2CHID.kext\Contents\Info.plist
5:047  0:001  InfoPlistPath=Kexts\Other\VoodooI2CHID.kext\Contents\Info.plist
5:051  0:003  assign executable as 'Contents\MacOS\VoodooI2CHID'
5:051  0:000  Bridge kext to OC : Path=BrcmFirmwareData.kext
5:052  0:001  info plist path: Kexts\Other\BrcmFirmwareData.kext\Contents\Info.plist
5:053  0:001  InfoPlistPath=Kexts\Other\BrcmFirmwareData.kext\Contents\Info.plist
5:056  0:003  assign executable as 'Contents\MacOS\BrcmFirmwareData'
5:056  0:000  Bridge kext to OC : Path=BrcmPatchRAM3.kext
5:057  0:001  info plist path: Kexts\Other\BrcmPatchRAM3.kext\Contents\Info.plist
5:058  0:001  InfoPlistPath=Kexts\Other\BrcmPatchRAM3.kext\Contents\Info.plist
5:064  0:005  assign executable as 'Contents\MacOS\BrcmPatchRAM3'
5:064  0:000  Bridge kext to OC : Path=HS80211Family.kext
5:065  0:001  info plist path: Kexts\Other\HS80211Family.kext\Contents\Info.plist
5:066  0:001  InfoPlistPath=Kexts\Other\HS80211Family.kext\Contents\Info.plist
5:070  0:003  assign executable as 'Contents\MacOS\HS80211Family'
5:070  0:000  Bridge kext to OC : Path=AirPortAtheros40.kext
5:071  0:001  info plist path: Kexts\Other\AirPortAtheros40.kext\Contents\Info.plist
5:072  0:001  InfoPlistPath=Kexts\Other\AirPortAtheros40.kext\Contents\Info.plist
5:075  0:003  assign executable as 'Contents\MacOS\AirPortAtheros40'
5:075  0:000  Bridge kext to OC : Path=AirportBrcmFixup.kext
5:076  0:001  info plist path: Kexts\Other\AirportBrcmFixup.kext\Contents\Info.plist
5:079  0:002  InfoPlistPath=Kexts\Other\AirportBrcmFixup.kext\Contents\Info.plist
5:082  0:003  assign executable as 'Contents\MacOS\AirportBrcmFixup'
5:082  0:000  Bridge kext to OC : Path=AirPortBrcm4360_Injector.kext
5:083  0:001  info plist path: Kexts\Other\AirportBrcmFixup.kext\Contents\PlugIns\AirPortBrcm4360_Injector.kext\Contents\Info.plist
5:084  0:001  InfoPlistPath=Kexts\Other\AirportBrcmFixup.kext\Contents\PlugIns\AirPortBrcm4360_Injector.kext\Contents\Info.plist
5:086  0:002  Bridge kext to OC : Path=AirPortBrcmNIC_Injector.kext
5:087  0:001  info plist path: Kexts\Other\AirportBrcmFixup.kext\Contents\PlugIns\AirPortBrcmNIC_Injector.kext\Contents\Info.plist
5:088  0:001  InfoPlistPath=Kexts\Other\AirportBrcmFixup.kext\Contents\PlugIns\AirPortBrcmNIC_Injector.kext\Contents\Info.plist
5:091  0:002  Bridge kext to OC : Path=AsusSMC.kext
5:092  0:001  info plist path: Kexts\Other\AsusSMC.kext\Contents\Info.plist
5:094  0:002  InfoPlistPath=Kexts\Other\AsusSMC.kext\Contents\Info.plist
5:097  0:003  assign executable as 'Contents\MacOS\AsusSMC'
5:097  0:000  Bridge kext to OC : Path=BrcmBluetoothInjector.kext
5:098  0:001  info plist path: Kexts\Other\BrcmBluetoothInjector.kext\Contents\Info.plist
5:099  0:001  InfoPlistPath=Kexts\Other\BrcmBluetoothInjector.kext\Contents\Info.plist
5:103  0:003  Bridge kext to OC : Path=CPUFriend.kext
5:104  0:001  info plist path: Kexts\Other\CPUFriend.kext\Contents\Info.plist
5:105  0:001  InfoPlistPath=Kexts\Other\CPUFriend.kext\Contents\Info.plist
5:108  0:003  assign executable as 'Contents\MacOS\CPUFriend'
5:108  0:000  Bridge kext to OC : Path=CPUFriendDataProvider.kext
5:109  0:001  info plist path: Kexts\Other\CPUFriendDataProvider.kext\Contents\Info.plist
5:112  0:002  InfoPlistPath=Kexts\Other\CPUFriendDataProvider.kext\Contents\Info.plist
5:115  0:003  Bridge kext to OC : Path=CpuTscSync.kext
5:116  0:001  info plist path: Kexts\Other\CpuTscSync.kext\Contents\Info.plist
5:117  0:001  InfoPlistPath=Kexts\Other\CpuTscSync.kext\Contents\Info.plist
5:120  0:003  assign executable as 'Contents\MacOS\CpuTscSync'
5:120  0:000  Bridge kext to OC : Path=HoRNDIS.kext
5:121  0:001  info plist path: Kexts\Other\HoRNDIS.kext\Contents\Info.plist
5:123  0:001  InfoPlistPath=Kexts\Other\HoRNDIS.kext\Contents\Info.plist
5:127  0:004  assign executable as 'Contents\MacOS\HoRNDIS'
5:127  0:000  Bridge kext to OC : Path=SMCBatteryManager.kext
5:128  0:001  info plist path: Kexts\Other\SMCBatteryManager.kext\Contents\Info.plist
5:129  0:001  InfoPlistPath=Kexts\Other\SMCBatteryManager.kext\Contents\Info.plist
5:133  0:003  assign executable as 'Contents\MacOS\SMCBatteryManager'
5:133  0:000  Bridge kext to OC : Path=VoodooInput.kext
5:134  0:001  info plist path: Kexts\Other\VoodooI2C.kext\Contents\PlugIns\VoodooInput.kext\Contents\Info.plist
5:135  0:001  InfoPlistPath=Kexts\Other\VoodooI2C.kext\Contents\PlugIns\VoodooInput.kext\Contents\Info.plist
5:138  0:003  assign executable as 'Contents\MacOS\VoodooInput'
5:138  0:000  Bridge kext to OC : Path=VoodooInput.kext.dSYM
5:139  0:001  info plist path: Kexts\Other\VoodooI2C.kext\Contents\PlugIns\VoodooInput.kext.dSYM\Contents\Info.plist
5:140  0:001  InfoPlistPath=Kexts\Other\VoodooI2C.kext\Contents\PlugIns\VoodooInput.kext.dSYM\Contents\Info.plist
5:142  0:002  Bridge kext to OC : Path=VoodooPS2Controller.kext
5:143  0:001  info plist path: Kexts\Other\VoodooPS2Controller.kext\Contents\Info.plist
5:145  0:001  InfoPlistPath=Kexts\Other\VoodooPS2Controller.kext\Contents\Info.plist
5:148  0:003  assign executable as 'Contents\MacOS\VoodooPS2Controller'
5:148  0:000  Bridge kext to OC : Path=VoodooInput.kext
5:149  0:001  info plist path: Kexts\Other\VoodooPS2Controller.kext\Contents\PlugIns\VoodooInput.kext\Contents\Info.plist
5:150  0:001  InfoPlistPath=Kexts\Other\VoodooPS2Controller.kext\Contents\PlugIns\VoodooInput.kext\Contents\Info.plist
5:153  0:003  assign executable as 'Contents\MacOS\VoodooInput'
5:153  0:000  Bridge kext to OC : Path=VoodooPS2Keyboard.kext
5:154  0:001  info plist path: Kexts\Other\VoodooPS2Controller.kext\Contents\PlugIns\VoodooPS2Keyboard.kext\Contents\Info.plist
5:155  0:001  InfoPlistPath=Kexts\Other\VoodooPS2Controller.kext\Contents\PlugIns\VoodooPS2Keyboard.kext\Contents\Info.plist
5:159  0:003  assign executable as 'Contents\MacOS\VoodooPS2Keyboard'
5:159  0:000  Bridge kext to OC : Path=VoodooPS2Mouse.kext
5:160  0:001  info plist path: Kexts\Other\VoodooPS2Controller.kext\Contents\PlugIns\VoodooPS2Mouse.kext\Contents\Info.plist
5:161  0:001  InfoPlistPath=Kexts\Other\VoodooPS2Controller.kext\Contents\PlugIns\VoodooPS2Mouse.kext\Contents\Info.plist
5:164  0:003  assign executable as 'Contents\MacOS\VoodooPS2Mouse'
5:164  0:000  Bridge kext to OC : Path=VoodooPS2Trackpad.kext
5:165  0:001  info plist path: Kexts\Other\VoodooPS2Controller.kext\Contents\PlugIns\VoodooPS2Trackpad.kext\Contents\Info.plist
5:167  0:001  InfoPlistPath=Kexts\Other\VoodooPS2Controller.kext\Contents\PlugIns\VoodooPS2Trackpad.kext\Contents\Info.plist
5:171  0:003  assign executable as 'Contents\MacOS\VoodooPS2Trackpad'
5:171  0:000  Bridge kext to OC : Path=AirPortAtheros40.kext
5:172  0:001  info plist path: Kexts\10.15\AirPortAtheros40.kext\Contents\Info.plist
5:173  0:001  InfoPlistPath=Kexts\10.15\AirPortAtheros40.kext\Contents\Info.plist
5:176  0:003  assign executable as 'Contents\MacOS\AirPortAtheros40'
5:176  0:000  Bridge kext to OC : Path=AirportBrcmFixup.kext
5:178  0:001  info plist path: Kexts\10.15\AirportBrcmFixup.kext\Contents\Info.plist
5:180  0:002  InfoPlistPath=Kexts\10.15\AirportBrcmFixup.kext\Contents\Info.plist
5:184  0:003  assign executable as 'Contents\MacOS\AirportBrcmFixup'
5:184  0:000  Bridge kext to OC : Path=AirPortBrcm4360_Injector.kext
5:185  0:001  info plist path: Kexts\10.15\AirportBrcmFixup.kext\Contents\PlugIns\AirPortBrcm4360_Injector.kext\Contents\Info.plist
5:186  0:001  InfoPlistPath=Kexts\10.15\AirportBrcmFixup.kext\Contents\PlugIns\AirPortBrcm4360_Injector.kext\Contents\Info.plist
5:188  0:002  Bridge kext to OC : Path=AirPortBrcmNIC_Injector.kext
5:189  0:001  info plist path: Kexts\10.15\AirportBrcmFixup.kext\Contents\PlugIns\AirPortBrcmNIC_Injector.kext\Contents\Info.plist
5:190  0:001  InfoPlistPath=Kexts\10.15\AirportBrcmFixup.kext\Contents\PlugIns\AirPortBrcmNIC_Injector.kext\Contents\Info.plist
5:193  0:002  Bridge kext to OC : Path=AppleALC.kext
5:194  0:001  info plist path: Kexts\10.15\AppleALC.kext\Contents\Info.plist
5:195  0:001  InfoPlistPath=Kexts\10.15\AppleALC.kext\Contents\Info.plist
5:206  0:011  assign executable as 'Contents\MacOS\AppleALC'
5:206  0:000  Bridge kext to OC : Path=AsusSMC.kext
5:207  0:001  info plist path: Kexts\10.15\AsusSMC.kext\Contents\Info.plist
5:209  0:002  InfoPlistPath=Kexts\10.15\AsusSMC.kext\Contents\Info.plist
5:212  0:003  assign executable as 'Contents\MacOS\AsusSMC'
5:212  0:000  Bridge kext to OC : Path=BrcmBluetoothInjector.kext
5:214  0:001  info plist path: Kexts\10.15\BrcmBluetoothInjector.kext\Contents\Info.plist
5:216  0:002  InfoPlistPath=Kexts\10.15\BrcmBluetoothInjector.kext\Contents\Info.plist
5:219  0:003  Bridge kext to OC : Path=BrcmFirmwareData.kext
5:220  0:001  info plist path: Kexts\10.15\BrcmFirmwareData.kext\Contents\Info.plist
5:221  0:001  InfoPlistPath=Kexts\10.15\BrcmFirmwareData.kext\Contents\Info.plist
5:225  0:004  assign executable as 'Contents\MacOS\BrcmFirmwareData'
5:225  0:000  Bridge kext to OC : Path=BrcmPatchRAM3.kext
5:226  0:001  info plist path: Kexts\10.15\BrcmPatchRAM3.kext\Contents\Info.plist
5:228  0:001  InfoPlistPath=Kexts\10.15\BrcmPatchRAM3.kext\Contents\Info.plist
5:232  0:004  assign executable as 'Contents\MacOS\BrcmPatchRAM3'
5:232  0:000  Bridge kext to OC : Path=CPUFriend.kext
5:233  0:001  info plist path: Kexts\10.15\CPUFriend.kext\Contents\Info.plist
5:235  0:001  InfoPlistPath=Kexts\10.15\CPUFriend.kext\Contents\Info.plist
5:238  0:003  assign executable as 'Contents\MacOS\CPUFriend'
5:238  0:000  Bridge kext to OC : Path=CPUFriendDataProvider.kext
5:239  0:001  info plist path: Kexts\10.15\CPUFriendDataProvider.kext\Contents\Info.plist
5:240  0:001  InfoPlistPath=Kexts\10.15\CPUFriendDataProvider.kext\Contents\Info.plist
5:243  0:003  Bridge kext to OC : Path=CpuTscSync.kext
5:244  0:001  info plist path: Kexts\10.15\CpuTscSync.kext\Contents\Info.plist
5:246  0:001  InfoPlistPath=Kexts\10.15\CpuTscSync.kext\Contents\Info.plist
5:250  0:004  assign executable as 'Contents\MacOS\CpuTscSync'
5:250  0:000  Bridge kext to OC : Path=HoRNDIS.kext
5:251  0:001  info plist path: Kexts\10.15\HoRNDIS.kext\Contents\Info.plist
5:252  0:001  InfoPlistPath=Kexts\10.15\HoRNDIS.kext\Contents\Info.plist
5:255  0:003  assign executable as 'Contents\MacOS\HoRNDIS'
5:255  0:000  Bridge kext to OC : Path=Lilu.kext
5:256  0:001  info plist path: Kexts\10.15\Lilu.kext\Contents\Info.plist
5:258  0:001  InfoPlistPath=Kexts\10.15\Lilu.kext\Contents\Info.plist
5:261  0:003  assign executable as 'Contents\MacOS\Lilu'
5:261  0:000  Bridge kext to OC : Path=SMCBatteryManager.kext
5:262  0:001  info plist path: Kexts\10.15\SMCBatteryManager.kext\Contents\Info.plist
5:264  0:002  InfoPlistPath=Kexts\10.15\SMCBatteryManager.kext\Contents\Info.plist
5:267  0:003  assign executable as 'Contents\MacOS\SMCBatteryManager'
5:267  0:000  Bridge kext to OC : Path=SMCProcessor.kext
5:269  0:001  info plist path: Kexts\10.15\SMCProcessor.kext\Contents\Info.plist
5:271  0:002  InfoPlistPath=Kexts\10.15\SMCProcessor.kext\Contents\Info.plist
5:274  0:003  assign executable as 'Contents\MacOS\SMCProcessor'
5:274  0:000  Bridge kext to OC : Path=SMCSuperIO.kext
5:275  0:001  info plist path: Kexts\10.15\SMCSuperIO.kext\Contents\Info.plist
5:277  0:001  InfoPlistPath=Kexts\10.15\SMCSuperIO.kext\Contents\Info.plist
5:280  0:003  assign executable as 'Contents\MacOS\SMCSuperIO'
5:280  0:000  Bridge kext to OC : Path=VirtualSMC.kext
5:281  0:001  info plist path: Kexts\10.15\VirtualSMC.kext\Contents\Info.plist
5:282  0:001  InfoPlistPath=Kexts\10.15\VirtualSMC.kext\Contents\Info.plist
5:286  0:004  assign executable as 'Contents\MacOS\VirtualSMC'
5:286  0:000  Bridge kext to OC : Path=VoodooI2C.kext
5:287  0:001  info plist path: Kexts\10.15\VoodooI2C.kext\Contents\Info.plist
5:289  0:002  InfoPlistPath=Kexts\10.15\VoodooI2C.kext\Contents\Info.plist
5:293  0:003  assign executable as 'Contents\MacOS\VoodooI2C'
5:293  0:000  Bridge kext to OC : Path=VoodooGPIO.kext
5:294  0:001  info plist path: Kexts\10.15\VoodooI2C.kext\Contents\PlugIns\VoodooGPIO.kext\Contents\Info.plist
5:296  0:001  InfoPlistPath=Kexts\10.15\VoodooI2C.kext\Contents\PlugIns\VoodooGPIO.kext\Contents\Info.plist
5:299  0:003  assign executable as 'Contents\MacOS\VoodooGPIO'
5:299  0:000  Bridge kext to OC : Path=VoodooI2CServices.kext
5:300  0:001  info plist path: Kexts\10.15\VoodooI2C.kext\Contents\PlugIns\VoodooI2CServices.kext\Contents\Info.plist
5:301  0:001  InfoPlistPath=Kexts\10.15\VoodooI2C.kext\Contents\PlugIns\VoodooI2CServices.kext\Contents\Info.plist
5:304  0:003  assign executable as 'Contents\MacOS\VoodooI2CServices'
5:304  0:000  Bridge kext to OC : Path=VoodooInput.kext
5:305  0:001  info plist path: Kexts\10.15\VoodooI2C.kext\Contents\PlugIns\VoodooInput.kext\Contents\Info.plist
5:306  0:001  InfoPlistPath=Kexts\10.15\VoodooI2C.kext\Contents\PlugIns\VoodooInput.kext\Contents\Info.plist
5:310  0:003  assign executable as 'Contents\MacOS\VoodooInput'
5:310  0:000  Bridge kext to OC : Path=VoodooInput.kext.dSYM
5:311  0:001  info plist path: Kexts\10.15\VoodooI2C.kext\Contents\PlugIns\VoodooInput.kext.dSYM\Contents\Info.plist
5:312  0:001  InfoPlistPath=Kexts\10.15\VoodooI2C.kext\Contents\PlugIns\VoodooInput.kext.dSYM\Contents\Info.plist
5:314  0:002  Bridge kext to OC : Path=VoodooI2CHID.kext
5:315  0:001  info plist path: Kexts\10.15\VoodooI2CHID.kext\Contents\Info.plist
5:316  0:001  InfoPlistPath=Kexts\10.15\VoodooI2CHID.kext\Contents\Info.plist
5:320  0:004  assign executable as 'Contents\MacOS\VoodooI2CHID'
5:320  0:000  Bridge kext to OC : Path=VoodooPS2Controller.kext
5:322  0:001  info plist path: Kexts\10.15\VoodooPS2Controller.kext\Contents\Info.plist
5:323  0:001  InfoPlistPath=Kexts\10.15\VoodooPS2Controller.kext\Contents\Info.plist
5:326  0:003  assign executable as 'Contents\MacOS\VoodooPS2Controller'
5:326  0:000  Bridge kext to OC : Path=VoodooInput.kext
5:328  0:001  info plist path: Kexts\10.15\VoodooPS2Controller.kext\Contents\PlugIns\VoodooInput.kext\Contents\Info.plist
5:329  0:001  InfoPlistPath=Kexts\10.15\VoodooPS2Controller.kext\Contents\PlugIns\VoodooInput.kext\Contents\Info.plist
5:332  0:003  assign executable as 'Contents\MacOS\VoodooInput'
5:332  0:000  Bridge kext to OC : Path=VoodooPS2Keyboard.kext
5:333  0:001  info plist path: Kexts\10.15\VoodooPS2Controller.kext\Contents\PlugIns\VoodooPS2Keyboard.kext\Contents\Info.plist
5:334  0:001  InfoPlistPath=Kexts\10.15\VoodooPS2Controller.kext\Contents\PlugIns\VoodooPS2Keyboard.kext\Contents\Info.plist
5:338  0:003  assign executable as 'Contents\MacOS\VoodooPS2Keyboard'
5:338  0:000  Bridge kext to OC : Path=VoodooPS2Mouse.kext
5:339  0:001  info plist path: Kexts\10.15\VoodooPS2Controller.kext\Contents\PlugIns\VoodooPS2Mouse.kext\Contents\Info.plist
5:341  0:001  InfoPlistPath=Kexts\10.15\VoodooPS2Controller.kext\Contents\PlugIns\VoodooPS2Mouse.kext\Contents\Info.plist
5:344  0:003  assign executable as 'Contents\MacOS\VoodooPS2Mouse'
5:344  0:000  Bridge kext to OC : Path=VoodooPS2Trackpad.kext
5:345  0:001  info plist path: Kexts\10.15\VoodooPS2Controller.kext\Contents\PlugIns\VoodooPS2Trackpad.kext\Contents\Info.plist
5:346  0:001  InfoPlistPath=Kexts\10.15\VoodooPS2Controller.kext\Contents\PlugIns\VoodooPS2Trackpad.kext\Contents\Info.plist
5:350  0:003  assign executable as 'Contents\MacOS\VoodooPS2Trackpad'
5:350  0:000  Bridge kext to OC : Path=WhateverGreen.kext
5:351  0:001  info plist path: Kexts\10.15\WhateverGreen.kext\Contents\Info.plist
5:353  0:001  InfoPlistPath=Kexts\10.15\WhateverGreen.kext\Contents\Info.plist
5:356  0:003  assign executable as 'Contents\MacOS\WhateverGreen'
5:356  0:000  Bridge kext to OC : Path=HS80211Family.kext
5:357  0:001  info plist path: Kexts\10.15\HS80211Family.kext\Contents\Info.plist
5:359  0:001  InfoPlistPath=Kexts\10.15\HS80211Family.kext\Contents\Info.plist
5:362  0:003  assign executable as 'Contents\MacOS\HS80211Family'
5:368  0:006  Start 'OpenRuntime.efi' : Status Success
5:368  0:000  OC: OcMiscEarlyInit...
5:368  0:000  OC: OpenCore DBG-075-2022-03-24 is loading in Optional mode (0/0)...
5:368  0:000  OC: OcMiscMiddleInit...
5:368  0:000  OC: StorageHandle 0 with  LauncherOption pointing to 
5:368  0:000  OC: OcLoadUefiSupport...
5:369  0:000  OCRTC: OcAppleRtcRamInstallProtocol
5:370  0:000  OCRTC: Wake log is 0xCA 0xC1   3 0xD2
5:370  0:000  OcAppleFbInfoInstallProtocol
5:370  0:000  OcAppleEg2InfoInstallProtocol
5:370  0:000  OC: Loading Apple Secure Boot with Disabled (level 0)
5:371  0:000  OCABC: ALRBL 0 RTDFRG 1 DEVMMIO 0 NOSU 0 NOVRWR 0 NOSB 0 FBSIG 0 NOHBMAP 0 SMSLIDE 1 WRUNPROT 0
5:371  0:000  OCABC: FEXITBS 0 PRMRG 0 CSLIDE 1 MSLIDE 0 PRSRV 0 RBMAP 1 VMAP 1 APPLOS 0 RTPERMS 1 ARBAR -1
5:371  0:000  OCABC: Got rendezvous with OpenRuntime r12
5:371  0:000  OCABC: MAT support is 1
5:371  0:000  OC: RequestBootVarRouting 0
5:371  0:000  OC: Increasing GPU BARs to 0
5:371  0:000  OCDM: Setting RBAR to 0 inc 1 on 2/21
5:371  0:000  OCDM: Capability I/O error - Unsupported
5:371  0:000  OCDM: RBAR is unsupported by device - Device Error
5:371  0:000  OCDM: Setting RBAR to 0 inc 1 on 11/21
5:371  0:000  OCDM: Capability I/O error - Unsupported
5:371  0:000  OCDM: RBAR is unsupported by device - Device Error
5:371  0:000  OC: Got 0 drivers
5:371  0:000  OCC: Installing GOP (Unsupported) on ConsoleOutHandle...
5:713  0:342  OC: Requested resolution is 1360x768@0 (max: 0, force: 0) from 1360x768
5:713  0:000  OCC: Requesting 1360x768@0 (max: 0) resolution, curr 0, total 4
5:713  0:000  OCC: Current FB at 0xC0000000 (0x408000), format 1, res 1366x768 scan 1376
5:713  0:000  OCC: Mode 0 - 1366x768:1
5:713  0:000  OCC: Mode 1 - 640x480:1
5:713  0:000  OCC: Mode 2 - 800x600:1
5:713  0:000  OCC: Mode 3 - 1024x768:1
5:713  0:000  OCC: No compatible mode for 1360x768@0 (max: 0) resolution
5:713  0:000  OC: Changed resolution to 1360x768@0 (max: 0, force: 0) from 1360x768 - Not Found
5:714  0:000  OCC: Using builtin text renderer with 1 scale
5:760  0:046  OCC: Install console control (833183B0/0/0), current - Success
5:760  0:000  OCC: Setup ASCII Output - Success
5:760  0:000  OC: Requested console mode is 0x0 (max: 0) from 
5:760  0:000  OC: Requested not to use audio
5:760  0:000  OC: OcLoadAcpiSupport...
5:760  0:000  OC: OcLoadAcpiSupport : nothing to do
5:761  0:000  OC: OcMiscLateInit...
5:761  0:000  OC: Invalid HibernateMode: 
5:761  0:000  OC: Translated HibernateMode  to 0
5:761  0:000  OC: Hibernation activation - Invalid Parameter, hibernation wake - no
5:761  0:000  OC: OcLoadKernelSupport...
5:761  0:000  OC: All green, starting boot management...
5:763  0:002  OCB: Arch filtering 867F6018(592440)->867F6018(592440) caps 4 - Success
5:764  0:000  ImageHandle = 86890d98
5:811  0:046  GetOSVersion: 10.15 (19A583)
5:811  0:000  Will not patch boot.efi
5:811  0:000  === [ PatchSmbios ] =============================
5:811  0:000  UpdateSmbiosString : BiosVersion=EfiVersion=429.140.8.0.0
5:811  0:000  UpdateSmbiosString : ReleaseDate=06/13/2021
5:811  0:000  void PatchTableType1(const SmbiosInjectedSettings&) : UpdateSmbiosString ProductName=MacBookPro14,1
5:811  0:000  void PatchTableType2(const SmbiosInjectedSettings&) : UpdateSmbiosString ProductName=BoardNumber=Mac-B4831CEBD52A0C4C
5:811  0:000  void PatchTableType2(const SmbiosInjectedSettings&) : UpdateSmbiosString Version=BoardVersion=MacBookPro14,1
5:811  0:000  insert table 9 for dev 0:0
5:811  0:000  insert table 9 for dev 0:0
5:811  0:000  Table 11 present, but rewritten for us
5:813  0:001  Do not inject memory table
5:813  0:000  Trusting SMBIOS...
5:813  0:000  Channels: 1
5:813  0:000  Interleave: 0 1 2 3
5:813  0:000  trusted SMBIOS data, table index 0:
5:813  0:000    gRAM.SMBIOS[0]->ModuleSize = 4096
5:813  0:000    gRAM.SMBIOS[0]->Type = 0
5:813  0:000    gRAM.SMBIOS[0]->Frequency = 2400
5:813  0:000    gRAM.SMBIOS[0]->Vendor = Micron
5:813  0:000    gRAM.SMBIOS[0]->PartNo = 8ATF51264HZ-2G3A2
5:813  0:000    gRAM.SMBIOS[0]->SerialNo = 00000000
5:813  0:000    Type17->Manufacturer corrected by SMBIOS from NoName to Micron
5:813  0:000    SMBIOS Type 17 Index = 0 => SMBIOSIndex=0 SPDIndex=0:
5:813  0:000  BANK 0 DIMM0 2400MHz 4096MB(Ext:0MB)
5:813  0:000  !trusted SMBIOS data, Table index 1:!gRAM.SMBIOS.doesSlotForIndexExist(SMBIOSIndex) 
5:813  0:000    SMBIOS Type 17 Index = 1 => SMBIOSIndex=1 SPDIndex=1:
5:813  0:000  BANK 0 DIMM1 EMPTY
5:813  0:000  trusted SMBIOS data, table index 2:
5:813  0:000    gRAM.SMBIOS[2]->ModuleSize = 8192
5:813  0:000    gRAM.SMBIOS[2]->Type = 0
5:813  0:000    gRAM.SMBIOS[2]->Frequency = 2400
5:813  0:000    gRAM.SMBIOS[2]->Vendor = 04EF
5:813  0:000    gRAM.SMBIOS[2]->PartNo = TEAMGROUP-SD4-2400
5:813  0:000    gRAM.SMBIOS[2]->SerialNo = 010495B6
5:813  0:000  SPD data in use:
5:813  0:000    gRAM.SPD[2]->ModuleSize = 8192
5:813  0:000    gRAM.SPD[2]->Type = 26
5:813  0:000    gRAM.SPD[2]->Frequency = 2400
5:813  0:000    gRAM.SPD[2]->Vendor = Team Group
5:813  0:000    gRAM.SPD[2]->SerialNo = 010495B6
5:813  0:000    gRAM.SPD[2]->PartNo = TEAMGROUP-SD4-2400
5:813  0:000    SMBIOS Type 17 Index = 2 => SMBIOSIndex=2 SPDIndex=2:
5:813  0:000  BANK 0 DIMM2 2400MHz 8192MB(Ext:0MB)
5:813  0:000  !trusted SMBIOS data, Table index 3:!gRAM.SMBIOS.doesSlotForIndexExist(SMBIOSIndex) 
5:813  0:000    SMBIOS Type 17 Index = 3 => SMBIOSIndex=3 SPDIndex=3:
5:813  0:000  BANK 0 DIMM3 EMPTY
5:813  0:000  mTotalSystemMemory = 12288
5:813  0:000  NumberOfMemoryDevices = 4
5:813  0:000  Type20[0]->End = 0x3FFFFF, Type17[0] = 1000
5:813  0:000  Type20[1]->End = 0xBFFFFF, Type17[2] = 4000
5:813  0:000  Table 131 is present, CPUType=31
5:813  0:000  Change to: 605
5:813  0:000  === [ PatchACPI ] ===============================
5:813  0:000  OCABC: AllocPages 1 0x8A96F000 (1) - Success
5:813  0:000  Xsdt reallocation done
5:813  0:000  OCABC: AllocPages 1 0x8A96E000 (1) - Success
5:813  0:000  old FADT length=114
5:813  0:000   SignatureFixup: 0xA174C531 -> 0x0
5:814  0:001  OCABC: AllocPages 1 0x830F5000 (50) - Success
5:814  0:000  Apply DsdtFixMask=0x00000014
5:814  0:000  === [ FixBiosDsdt ] =============================
5:816  0:001  Start HPET Fix
5:820  0:003  PreCleanup XSDT: count=25, length=236
5:820  0:000  PreCleanup XSDT, corrected XSDT: count=25, length=236
5:820  0:000  === [ ACPIDropTables ] ==========================
5:820  0:000  Drop tables from XSDT, SIGN=BGRT TableID=Notebook Length=56
5:820  0:000   Table[22]: BGRT  Notebook  56 dropped
5:820  0:000  Drop tables from XSDT, SIGN=DMAR TableID=KBL  Length=312
5:820  0:000  OCABC: AllocPages 1 0x8A96C000 (2) - Success
5:820  0:000  OCABC: AllocPages 1 0x8A96C000 (2) - Success
5:820  0:000  OCABC: AllocPages 1 0x8A96C000 (2) - Success
5:820  0:000  OCABC: AllocPages 1 0x8A96C000 (2) - Success
5:820  0:000  OCABC: AllocPages 1 0x8A96C000 (2) - Success
5:820  0:000  OCABC: AllocPages 1 0x8A96C000 (2) - Success
5:820  0:000  OCABC: AllocPages 1 0x8A963000 (9) - Success
5:820  0:000  OCABC: AllocPages 1 0x8A961000 (2) - Success
5:820  0:000  OCABC: AllocPages 1 0x846E0000 (5) - Success
5:820  0:000  Found OperationRegion(SANV, SystemMemory, 8AE01418, ...)
5:820  0:000  OCABC: AllocPages 1 0x8A961000 (2) - Success
5:820  0:000  OCABC: AllocPages 1 0x8A961000 (2) - Success
5:820  0:000  OCABC: AllocPages 1 0x846DD000 (3) - Success
5:820  0:000  Found OperationRegion(PNVS, SystemMemory, 84601000, ...)
5:820  0:000  OCABC: AllocPages 1 0x8A961000 (2) - Success
5:820  0:000  OCABC: AllocPages 1 0x8A961000 (2) - Success
5:820  0:000  OCABC: AllocPages 1 0x846DB000 (2) - Success
5:820  0:000  OCABC: AllocPages 1 0x846D9000 (2) - Success
5:820  0:000  OCABC: AllocPages 1 0x846D7000 (2) - Success
5:820  0:000  OCABC: AllocPages 1 0x846D7000 (2) - Success
5:820  0:000  OCABC: AllocPages 1 0x846D7000 (2) - Success
5:820  0:000  OCABC: AllocPages 1 0x830F3000 (2) - Success
5:820  0:000  OCABC: AllocPages 1 0x830F1000 (2) - Success
5:820  0:000  OCABC: AllocPages 1 0x830F0000 (3) - Success
5:820  0:000  OCABC: AllocPages 1 0x830EE000 (2) - Success
5:820  0:000  === [ ACPIPatchedAML ] ==========================
5:820  0:000  Unsorted
5:820  0:000  Inserting SSDT-ALS0.aml from \EFI\CLOVER\ACPI\patched: size=152 OCABC: AllocPages 1 0x846D6000 (1) - Success
... Success
5:823  0:003  Inserting SSDT-BATT.aml from \EFI\CLOVER\ACPI\patched: size=3770 OCABC: AllocPages 1 0x830EF000 (1) - Success
... Success
5:826  0:002  Inserting SSDT-dGPU-Off.aml from \EFI\CLOVER\ACPI\patched: size=192 OCABC: AllocPages 1 0x830EE000 (1) - Success
... Success
5:828  0:002  Inserting SSDT-DMAC.aml from \EFI\CLOVER\ACPI\patched: size=166 OCABC: AllocPages 1 0x830ED000 (1) - Success
... Success
5:830  0:002  Inserting SSDT-EC-USBX-LAPTOP.aml from \EFI\CLOVER\ACPI\patched: size=335 OCABC: AllocPages 1 0x830EC000 (1) - Success
... Success
5:832  0:002  Inserting SSDT-GPI0.aml from \EFI\CLOVER\ACPI\patched: size=87 OCABC: AllocPages 1 0x830EB000 (1) - Success
... Success
5:834  0:002  Inserting SSDT-GPRW.aml from \EFI\CLOVER\ACPI\patched: size=91 OCABC: AllocPages 1 0x830EA000 (1) - Success
... Success
5:836  0:002  Inserting SSDT-HPET.aml from \EFI\CLOVER\ACPI\patched: size=102 OCABC: AllocPages 1 0x830E9000 (1) - Success
... Success
5:838  0:002  Inserting SSDT-MEM2.aml from \EFI\CLOVER\ACPI\patched: size=176 OCABC: AllocPages 1 0x830E8000 (1) - Success
... Success
5:840  0:002  Inserting SSDT-PLUG.aml from \EFI\CLOVER\ACPI\patched: size=146 OCABC: AllocPages 1 0x830E7000 (1) - Success
... Success
5:843  0:002  Inserting SSDT-PMC.aml from \EFI\CLOVER\ACPI\patched: size=108 OCABC: AllocPages 1 0x830E6000 (1) - Success
... Success
5:845  0:002  Inserting SSDT-PNLF.aml from \EFI\CLOVER\ACPI\patched: size=1128 OCABC: AllocPages 1 0x830E5000 (1) - Success
... Success
5:847  0:002  Inserting SSDT-RMD1.aml from \EFI\CLOVER\ACPI\patched: size=108 OCABC: AllocPages 1 0x830E4000 (1) - Success
... Success
5:849  0:002  Inserting SSDT-SBUS-MCHC.aml from \EFI\CLOVER\ACPI\patched: size=264 OCABC: AllocPages 1 0x830E3000 (1) - Success
... Success
5:851  0:002  Inserting SSDT-UIAC.aml from \EFI\CLOVER\ACPI\patched: size=501 OCABC: AllocPages 1 0x830E2000 (1) - Success
... Success
5:853  0:002  Inserting SSDT-X442UR.aml from \EFI\CLOVER\ACPI\patched: size=2455 OCABC: AllocPages 1 0x830E1000 (1) - Success
... Success
5:855  0:002  Inserting FixShutdown-USB-SSDT.aml from \EFI\CLOVER\ACPI\patched: size=108 OCABC: AllocPages 1 0x830E0000 (1) - Success
... Success
5:857  0:002  ApicCPUNum=1
5:857  0:000  Cleanup XSDT: count=42, length=372
5:857  0:000  corrected XSDT count=41, length=364
5:857  0:000  === [ RestSetup macOS ] =========================
5:857  0:000  EdidDiscovered size=128
5:857  0:000  --- Discovered EDID Table size:128
5:857  0:000  000  |  00  FF  FF  FF  FF  FF  FF  00  0D  AE
5:857  0:000  010  |  C4  14  00  00  00  00  26  19  01  04
5:857  0:000  020  |  95  1F  11  78  02  7E  45  93  55  53
5:857  0:000  030  |  94  28  23  50  54  00  00  00  01  01
5:857  0:000  040  |  01  01  01  01  01  01  01  01  01  01
5:857  0:000  050  |  01  01  01  01  DA  1D  56  E2  50  00
5:857  0:000  060  |  20  30  44  2D  47  00  35  AD  10  00
5:857  0:000  070  |  00  18  00  00  00  FE  00  4E  31  34
5:857  0:000  080  |  30  42  47  41  2D  45  42  33  0A  20
5:857  0:000  090  |  00  00  00  FE  00  43  4D  4E  0A  20
5:857  0:000  100  |  20  20  20  20  20  20  20  20  00  00
5:857  0:000  110  |  00  FE  00  4E  31  34  30  42  47  41
5:857  0:000  120  |  2D  45  42  33  0A  20  00  50
5:858  0:000  add device: PciRoot(0x0)/Pci(0x1C,0x5)/Pci(0x0,0x0)
5:858  0:000     Add key=AAPL,slot-name valuelen=5
5:858  0:000     Add key=compatible valuelen=11
5:858  0:000     Add key=device_type valuelen=16
5:858  0:000     Add key=model valuelen=40
5:858  0:000     Add key=name valuelen=8
5:858  0:000     Add key=pci-aspm-default valuelen=4
5:858  0:000  add device: PciRoot(0x0)/Pci(0x1F,0x3)
5:858  0:000     Add key=alc-delay valuelen=4
5:858  0:000     Add key=alctcsel valuelen=4
5:858  0:000     Add key=layout-id valuelen=4
5:858  0:000  add device: PciRoot(0x0)/Pci(0x2,0x0)
5:858  0:000     Add key=AAPL,ig-platform-id valuelen=4
5:858  0:000     Add key=device-id valuelen=4
5:858  0:000     Add key=shikivga valuelen=4
5:858  0:000  Intel GFX injection not set
5:858  0:000   RCBA disabled; cannot use it
5:858  0:000  stringlength = 1662
5:858  0:000  OCABC: AllocPages 1 0x830DF000 (1) - Success
5:858  0:000  CurrentMode: Width=1366 Height=768
5:858  0:000  SetNvramVariable (system-id, 4D1EDE05-38C7-4A6A-9CC6-4BCCA8B38C14, 0x2, 16): -> writing new (Success)
5:859  0:000  SetNvramVariable (MLB, 4D1EDE05-38C7-4A6A-9CC6-4BCCA8B38C14, 0x6, 17): -> writing new (Success)
5:860  0:000  SetNvramVariable (ROM, 4D1EDE05-38C7-4A6A-9CC6-4BCCA8B38C14, 0x6, 6): -> writing new (Success)
5:860  0:000  SetNvramVariable (FirmwareFeatures, 4D1EDE05-38C7-4A6A-9CC6-4BCCA8B38C14, 0x6, 4): -> writing new (Success)
5:861  0:000  SetNvramVariable (FirmwareFeaturesMask, 4D1EDE05-38C7-4A6A-9CC6-4BCCA8B38C14, 0x6, 4): -> writing new (Success)
5:862  0:000  SetNvramVariable (ExtendedFirmwareFeatures, 4D1EDE05-38C7-4A6A-9CC6-4BCCA8B38C14, 0x6, 8): -> writing new (Success)
5:862  0:000  SetNvramVariable (ExtendedFirmwareFeaturesMask, 4D1EDE05-38C7-4A6A-9CC6-4BCCA8B38C14, 0x6, 8): -> writing new (Success)
5:863  0:000  AddNvramVariable (HW_BID, 4D1EDE05-38C7-4A6A-9CC6-4BCCA8B38C14, 0x6, 20): -> writing new (Success)
5:865  0:001  AddNvramVariable (security-mode, 7C436110-AB2A-4BBB-A880-FE41995C9F82, 0x6, 5): -> already exists, abort
5:865  0:000  AddNvramVariable (backlight-level, 7C436110-AB2A-4BBB-A880-FE41995C9F82, 0x6, 2): -> already exists, abort
5:866  0:000  DeleteNvramVariable (DefaultBackgroundColor, 4D1EDE05-38C7-4A6A-9CC6-4BCCA8B38C14):
5:866  0:000  SetNvramVariable (UIScale, 4D1EDE05-38C7-4A6A-9CC6-4BCCA8B38C14, 0x6, 1): -> writing new (Success)
5:867  0:000  SetNvramVariable (EFILoginHiDPI, 7C436110-AB2A-4BBB-A880-FE41995C9F82, 0x6, 4): -> writing new (Success)
5:868  0:000  SetNvramVariable (flagstate, 7C436110-AB2A-4BBB-A880-FE41995C9F82, 0x6, 32): -> writing new (Success)
5:868  0:000  SetNvramVariable (csr-active-config, 7C436110-AB2A-4BBB-A880-FE41995C9F82, 0x6, 4): -> writing new (Success)
5:869  0:000  DeleteNvramVariable (BridgeOSHardwareModel, 4D1EDE05-38C7-4A6A-9CC6-4BCCA8B38C14):
5:870  0:000  DeleteNvramVariable (bootercfg, 7C436110-AB2A-4BBB-A880-FE41995C9F82):
5:870  0:000  DeleteNvramVariable (nvda_drv, 7C436110-AB2A-4BBB-A880-FE41995C9F82):
5:870  0:000  DeleteNvramVariable (recovery-boot-mode, 7C436110-AB2A-4BBB-A880-FE41995C9F82):
5:871  0:000  AddNvramVariable (wake-failure, 7C436110-AB2A-4BBB-A880-FE41995C9F82, 0x6, 5): -> already exists, abort
5:872  0:000  DeleteNvramVariable (opencore-version, 7C436110-AB2A-4BBB-A880-FE41995C9F82):
5:872  0:000  Use origin smbios table type 1 guid.
5:880  0:007  SetStartupDiskVolume:
5:880  0:000    * Volume: 'macOS'
5:880  0:000    * LoaderPath: ''
5:880  0:000    * DevPath: macOS
5:880  0:000    * GUID = E043B905-7CCA-CD03-C0A2-B67B9C9C63EB
5:880  0:000  SetNvramVariable (efi-boot-device-data, 7C436110-AB2A-4BBB-A880-FE41995C9F82, 0x7, 110): exists(0x7, 110), equal -> not writing again.
5:880  0:000    * efi-boot-device: <array><dict><key>IOMatch</key><dict><key>IOProviderClass</key><string>IOMedia</string><key>IOPropertyMatch</key><dict><key>UUID</key><string>E043B905-7CCA-CD03-C0A2-B67B9C9C63EB</string></dict></dict></dict></array>
5:880  0:000  SetNvramVariable (efi-boot-device, 7C436110-AB2A-4BBB-A880-FE41995C9F82, 0x7, 216): exists(0x7, 216), equal -> not writing again.
5:881  0:000  Custom boot screen not used because entry has unset use graphics
5:882  0:000  DeleteNvramVariable (IOHibernateRTCVariables, 7C436110-AB2A-4BBB-A880-FE41995C9F82):
5:882  0:000  DeleteNvramVariable (boot-image, 7C436110-AB2A-4BBB-A880-FE41995C9F82):
5:883  0:000  Kernel quirks
5:883  0:000  ACPCL 1 AXCL 1 AXEM 0 AXFB 0 CSG 0 DIM 1 DLJ 1 DRC 0 DPM 0 EBTFF 0 EDI 0 IPBS 0 LKP 0 PNKD 1 PTKP 0 TPD 0 XPL 1 PCC 0
5:883  0:000  Closing log
5:890  0:007  OCABC: Found safe mode legacy p1 at off 67A1
5:890  0:000  OCABC: Trying safe mode next legacy match
5:890  0:000  OCABC: Found safe mode legacy p1 at off 6922
5:890  0:000  OCABC: Trying safe mode next legacy match
5:891  0:000  OCABC: Patching safe mode new at off F164
5:891  0:000  OCABC: AllocPages 2 0x82EDF000 (512) - Success
5:891  0:000  OCABC: AllocPages 2 0x89530000 (1) - Success
5:891  0:000  OC: Supported boot capabilities 4
5:891  0:000  OCABC: AllocPages 2 0x8952F000 (1) - Success
5:891  0:000  OCABC: All slides are usable! You can disable ProvideCustomSlide!
5:892  0:001  OCABC: AllocPages 2 0x8952F000 (1) - Success
5:893  0:000  OCABC: AllocPages 2 0x8952F000 (1) - Not Found
5:893  0:000  StartImage failed : Not Found
